# JRE version: OpenJDK Runtime Environment Temurin-17.0.2+8 (17.0.2+8) (build 17.0.2+8)
# Java VM: OpenJDK 64-Bit Server VM Temurin-17.0.2+8 (17.0.2+8, mixed mode, tiered, compressed oops, compressed class ptrs, parallel gc, windows-amd64)
GC Precious Log:
 CPUs: 8 total, 8 available
 Memory: 16238M
 Large Page Support: Disabled
 NUMA Support: Disabled
 Compressed Oops: Enabled (32-bit)
 Alignments: Space 512K, Generation 512K, Heap 2M
 Heap Min Capacity: 100M
 Heap Initial Capacity: 100M
 Heap Max Capacity: 1G
 Pre-touch: Disabled
 Parallel Workers: 8
Heap:
 PSYoungGen      total 9728K, used 1166K [0x00000000eab00000, 0x00000000eb780000, 0x0000000100000000)
  eden space 8192K, 0% used [0x00000000eab00000,0x00000000eab00000,0x00000000eb300000)
  from space 1536K, 75% used [0x00000000eb300000,0x00000000eb423b40,0x00000000eb480000)
  to   space 1536K, 0% used [0x00000000eb600000,0x00000000eb600000,0x00000000eb780000)
 ParOldGen       total 135168K, used 131954K [0x00000000c0000000, 0x00000000c8400000, 0x00000000eab00000)
  object space 135168K, 97% used [0x00000000c0000000,0x00000000c80dca68,0x00000000c8400000)
 Metaspace       used 87305K, committed 88256K, reserved 1130496K
  class space    used 8887K, committed 9344K, reserved 1048576K
GC Heap History (20 events):
Event: 168794.139 GC heap after
{Heap after GC invocations=4670 (full 97):
 PSYoungGen      total 5120K, used 512K [0x00000000eab00000, 0x00000000eb200000, 0x0000000100000000)
  eden space 4608K, 0% used [0x00000000eab00000,0x00000000eab00000,0x00000000eaf80000)
  from space 512K, 100% used [0x00000000eb180000,0x00000000eb200000,0x00000000eb200000)
  to   space 1024K, 0% used [0x00000000eb000000,0x00000000eb000000,0x00000000eb100000)
 ParOldGen       total 135168K, used 126501K [0x00000000c0000000, 0x00000000c8400000, 0x00000000eab00000)
  object space 135168K, 93% used [0x00000000c0000000,0x00000000c7b897d0,0x00000000c8400000)
 Metaspace       used 87289K, committed 88256K, reserved 1130496K
  class space    used 8887K, committed 9344K, reserved 1048576K
}
Event: 168794.147 GC heap before
{Heap before GC invocations=4671 (full 97):
 PSYoungGen      total 5120K, used 4481K [0x00000000eab00000, 0x00000000eb200000, 0x0000000100000000)
  eden space 4608K, 86% used [0x00000000eab00000,0x00000000eaee04c8,0x00000000eaf80000)
  from space 512K, 100% used [0x00000000eb180000,0x00000000eb200000,0x00000000eb200000)
  to   space 1024K, 0% used [0x00000000eb000000,0x00000000eb000000,0x00000000eb100000)
 ParOldGen       total 135168K, used 126501K [0x00000000c0000000, 0x00000000c8400000, 0x00000000eab00000)
  object space 135168K, 93% used [0x00000000c0000000,0x00000000c7b897d0,0x00000000c8400000)
 Metaspace       used 87289K, committed 88256K, reserved 1130496K
  class space    used 8887K, committed 9344K, reserved 1048576K
}
Event: 168794.149 GC heap after
{Heap after GC invocations=4671 (full 97):
 PSYoungGen      total 6144K, used 416K [0x00000000eab00000, 0x00000000eb200000, 0x0000000100000000)
  eden space 5120K, 0% used [0x00000000eab00000,0x00000000eab00000,0x00000000eb000000)
  from space 1024K, 40% used [0x00000000eb000000,0x00000000eb068000,0x00000000eb100000)
  to   space 1024K, 0% used [0x00000000eb100000,0x00000000eb100000,0x00000000eb200000)
 ParOldGen       total 135168K, used 126856K [0x00000000c0000000, 0x00000000c8400000, 0x00000000eab00000)
  object space 135168K, 93% used [0x00000000c0000000,0x00000000c7be20d0,0x00000000c8400000)
 Metaspace       used 87289K, committed 88256K, reserved 1130496K
  class space    used 8887K, committed 9344K, reserved 1048576K
}
Event: 168794.156 GC heap before
{Heap before GC invocations=4672 (full 97):
 PSYoungGen      total 6144K, used 4396K [0x00000000eab00000, 0x00000000eb200000, 0x0000000100000000)
  eden space 5120K, 77% used [0x00000000eab00000,0x00000000eaee3280,0x00000000eb000000)
  from space 1024K, 40% used [0x00000000eb000000,0x00000000eb068000,0x00000000eb100000)
  to   space 1024K, 0% used [0x00000000eb100000,0x00000000eb100000,0x00000000eb200000)
 ParOldGen       total 135168K, used 126856K [0x00000000c0000000, 0x00000000c8400000, 0x00000000eab00000)
  object space 135168K, 93% used [0x00000000c0000000,0x00000000c7be20d0,0x00000000c8400000)
 Metaspace       used 87289K, committed 88256K, reserved 1130496K
  class space    used 8887K, committed 9344K, reserved 1048576K
}
Event: 168794.157 GC heap after
{Heap after GC invocations=4672 (full 97):
 PSYoungGen      total 6144K, used 416K [0x00000000eab00000, 0x00000000eb180000, 0x0000000100000000)
  eden space 5632K, 0% used [0x00000000eab00000,0x00000000eab00000,0x00000000eb080000)
  from space 512K, 81% used [0x00000000eb100000,0x00000000eb168000,0x00000000eb180000)
  to   space 512K, 0% used [0x00000000eb080000,0x00000000eb080000,0x00000000eb100000)
 ParOldGen       total 135168K, used 126960K [0x00000000c0000000, 0x00000000c8400000, 0x00000000eab00000)
  object space 135168K, 93% used [0x00000000c0000000,0x00000000c7bfc0d0,0x00000000c8400000)
 Metaspace       used 87289K, committed 88256K, reserved 1130496K
  class space    used 8887K, committed 9344K, reserved 1048576K
}
Event: 168794.163 GC heap before
{Heap before GC invocations=4673 (full 97):
 PSYoungGen      total 6144K, used 4452K [0x00000000eab00000, 0x00000000eb180000, 0x0000000100000000)
  eden space 5632K, 71% used [0x00000000eab00000,0x00000000eaef1080,0x00000000eb080000)
  from space 512K, 81% used [0x00000000eb100000,0x00000000eb168000,0x00000000eb180000)
  to   space 512K, 0% used [0x00000000eb080000,0x00000000eb080000,0x00000000eb100000)
 ParOldGen       total 135168K, used 126960K [0x00000000c0000000, 0x00000000c8400000, 0x00000000eab00000)
  object space 135168K, 93% used [0x00000000c0000000,0x00000000c7bfc0d0,0x00000000c8400000)
 Metaspace       used 87289K, committed 88256K, reserved 1130496K
  class space    used 8887K, committed 9344K, reserved 1048576K
}
Event: 168794.164 GC heap after
{Heap after GC invocations=4673 (full 97):
 PSYoungGen      total 6144K, used 352K [0x00000000eab00000, 0x00000000eb280000, 0x0000000100000000)
  eden space 5632K, 0% used [0x00000000eab00000,0x00000000eab00000,0x00000000eb080000)
  from space 512K, 68% used [0x00000000eb080000,0x00000000eb0d8000,0x00000000eb100000)
  to   space 512K, 0% used [0x00000000eb200000,0x00000000eb200000,0x00000000eb280000)
 ParOldGen       total 135168K, used 127032K [0x00000000c0000000, 0x00000000c8400000, 0x00000000eab00000)
  object space 135168K, 93% used [0x00000000c0000000,0x00000000c7c0e0d0,0x00000000c8400000)
 Metaspace       used 87289K, committed 88256K, reserved 1130496K
  class space    used 8887K, committed 9344K, reserved 1048576K
}
Event: 168794.170 GC heap before
{Heap before GC invocations=4674 (full 97):
 PSYoungGen      total 6144K, used 4302K [0x00000000eab00000, 0x00000000eb280000, 0x0000000100000000)
  eden space 5632K, 70% used [0x00000000eab00000,0x00000000eaedba00,0x00000000eb080000)
  from space 512K, 68% used [0x00000000eb080000,0x00000000eb0d8000,0x00000000eb100000)
  to   space 512K, 0% used [0x00000000eb200000,0x00000000eb200000,0x00000000eb280000)
 ParOldGen       total 135168K, used 127032K [0x00000000c0000000, 0x00000000c8400000, 0x00000000eab00000)
  object space 135168K, 93% used [0x00000000c0000000,0x00000000c7c0e0d0,0x00000000c8400000)
 Metaspace       used 87289K, committed 88256K, reserved 1130496K
  class space    used 8887K, committed 9344K, reserved 1048576K
}
Event: 168794.171 GC heap after
{Heap after GC invocations=4674 (full 97):
 PSYoungGen      total 7168K, used 288K [0x00000000eab00000, 0x00000000eb280000, 0x0000000100000000)
  eden space 6656K, 0% used [0x00000000eab00000,0x00000000eab00000,0x00000000eb180000)
  from space 512K, 56% used [0x00000000eb200000,0x00000000eb248000,0x00000000eb280000)
  to   space 512K, 0% used [0x00000000eb180000,0x00000000eb180000,0x00000000eb200000)
 ParOldGen       total 135168K, used 127096K [0x00000000c0000000, 0x00000000c8400000, 0x00000000eab00000)
  object space 135168K, 94% used [0x00000000c0000000,0x00000000c7c1e0d0,0x00000000c8400000)
 Metaspace       used 87289K, committed 88256K, reserved 1130496K
  class space    used 8887K, committed 9344K, reserved 1048576K
}
Event: 168794.184 GC heap before
{Heap before GC invocations=4675 (full 97):
 PSYoungGen      total 7168K, used 6433K [0x00000000eab00000, 0x00000000eb280000, 0x0000000100000000)
  eden space 6656K, 92% used [0x00000000eab00000,0x00000000eb1004f0,0x00000000eb180000)
  from space 512K, 56% used [0x00000000eb200000,0x00000000eb248000,0x00000000eb280000)
  to   space 512K, 0% used [0x00000000eb180000,0x00000000eb180000,0x00000000eb200000)
 ParOldGen       total 135168K, used 127096K [0x00000000c0000000, 0x00000000c8400000, 0x00000000eab00000)
  object space 135168K, 94% used [0x00000000c0000000,0x00000000c7c1e0d0,0x00000000c8400000)
 Metaspace       used 87289K, committed 88256K, reserved 1130496K
  class space    used 8887K, committed 9344K, reserved 1048576K
}
Event: 168794.185 GC heap after
{Heap after GC invocations=4675 (full 97):
 PSYoungGen      total 7168K, used 416K [0x00000000eab00000, 0x00000000eb380000, 0x0000000100000000)
  eden space 6656K, 0% used [0x00000000eab00000,0x00000000eab00000,0x00000000eb180000)
  from space 512K, 81% used [0x00000000eb180000,0x00000000eb1e8000,0x00000000eb200000)
  to   space 512K, 0% used [0x00000000eb300000,0x00000000eb300000,0x00000000eb380000)
 ParOldGen       total 135168K, used 127112K [0x00000000c0000000, 0x00000000c8400000, 0x00000000eab00000)
  object space 135168K, 94% used [0x00000000c0000000,0x00000000c7c220d0,0x00000000c8400000)
 Metaspace       used 87289K, committed 88256K, reserved 1130496K
  class space    used 8887K, committed 9344K, reserved 1048576K
}
Event: 168794.351 GC heap before
{Heap before GC invocations=4676 (full 97):
 PSYoungGen      total 7168K, used 7072K [0x00000000eab00000, 0x00000000eb380000, 0x0000000100000000)
  eden space 6656K, 100% used [0x00000000eab00000,0x00000000eb180000,0x00000000eb180000)
  from space 512K, 81% used [0x00000000eb180000,0x00000000eb1e8000,0x00000000eb200000)
  to   space 512K, 0% used [0x00000000eb300000,0x00000000eb300000,0x00000000eb380000)
 ParOldGen       total 135168K, used 127112K [0x00000000c0000000, 0x00000000c8400000, 0x00000000eab00000)
  object space 135168K, 94% used [0x00000000c0000000,0x00000000c7c220d0,0x00000000c8400000)
 Metaspace       used 87296K, committed 88256K, reserved 1130496K
  class space    used 8887K, committed 9344K, reserved 1048576K
}
Event: 168794.353 GC heap after
{Heap after GC invocations=4676 (full 97):
 PSYoungGen      total 8192K, used 352K [0x00000000eab00000, 0x00000000eb380000, 0x0000000100000000)
  eden space 7680K, 0% used [0x00000000eab00000,0x00000000eab00000,0x00000000eb280000)
  from space 512K, 68% used [0x00000000eb300000,0x00000000eb358000,0x00000000eb380000)
  to   space 512K, 0% used [0x00000000eb280000,0x00000000eb280000,0x00000000eb300000)
 ParOldGen       total 135168K, used 127112K [0x00000000c0000000, 0x00000000c8400000, 0x00000000eab00000)
  object space 135168K, 94% used [0x00000000c0000000,0x00000000c7c220d0,0x00000000c8400000)
 Metaspace       used 87296K, committed 88256K, reserved 1130496K
  class space    used 8887K, committed 9344K, reserved 1048576K
}
Event: 168794.367 GC heap before
{Heap before GC invocations=4677 (full 97):
 PSYoungGen      total 8192K, used 7921K [0x00000000eab00000, 0x00000000eb380000, 0x0000000100000000)
  eden space 7680K, 98% used [0x00000000eab00000,0x00000000eb264690,0x00000000eb280000)
  from space 512K, 68% used [0x00000000eb300000,0x00000000eb358000,0x00000000eb380000)
  to   space 512K, 0% used [0x00000000eb280000,0x00000000eb280000,0x00000000eb300000)
 ParOldGen       total 135168K, used 127112K [0x00000000c0000000, 0x00000000c8400000, 0x00000000eab00000)
  object space 135168K, 94% used [0x00000000c0000000,0x00000000c7c220d0,0x00000000c8400000)
 Metaspace       used 87305K, committed 88256K, reserved 1130496K
  class space    used 8887K, committed 9344K, reserved 1048576K
}
Event: 168794.368 GC heap after
{Heap after GC invocations=4677 (full 97):
 PSYoungGen      total 8192K, used 496K [0x00000000eab00000, 0x00000000eb680000, 0x0000000100000000)
  eden space 7680K, 0% used [0x00000000eab00000,0x00000000eab00000,0x00000000eb280000)
  from space 512K, 96% used [0x00000000eb280000,0x00000000eb2fc010,0x00000000eb300000)
  to   space 2048K, 0% used [0x00000000eb480000,0x00000000eb480000,0x00000000eb680000)
 ParOldGen       total 135168K, used 128174K [0x00000000c0000000, 0x00000000c8400000, 0x00000000eab00000)
  object space 135168K, 94% used [0x00000000c0000000,0x00000000c7d2b838,0x00000000c8400000)
 Metaspace       used 87305K, committed 88256K, reserved 1130496K
  class space    used 8887K, committed 9344K, reserved 1048576K
}
Event: 168794.378 GC heap before
{Heap before GC invocations=4678 (full 97):
 PSYoungGen      total 8192K, used 7577K [0x00000000eab00000, 0x00000000eb680000, 0x0000000100000000)
  eden space 7680K, 92% used [0x00000000eab00000,0x00000000eb1ea700,0x00000000eb280000)
  from space 512K, 96% used [0x00000000eb280000,0x00000000eb2fc010,0x00000000eb300000)
  to   space 2048K, 0% used [0x00000000eb480000,0x00000000eb480000,0x00000000eb680000)
 ParOldGen       total 135168K, used 128174K [0x00000000c0000000, 0x00000000c8400000, 0x00000000eab00000)
  object space 135168K, 94% used [0x00000000c0000000,0x00000000c7d2b838,0x00000000c8400000)
 Metaspace       used 87305K, committed 88256K, reserved 1130496K
  class space    used 8887K, committed 9344K, reserved 1048576K
}
Event: 168794.379 GC heap after
{Heap after GC invocations=4678 (full 97):
 PSYoungGen      total 10240K, used 848K [0x00000000eab00000, 0x00000000eb680000, 0x0000000100000000)
  eden space 8192K, 0% used [0x00000000eab00000,0x00000000eab00000,0x00000000eb300000)
  from space 2048K, 41% used [0x00000000eb480000,0x00000000eb554010,0x00000000eb680000)
  to   space 1536K, 0% used [0x00000000eb300000,0x00000000eb300000,0x00000000eb480000)
 ParOldGen       total 135168K, used 128238K [0x00000000c0000000, 0x00000000c8400000, 0x00000000eab00000)
  object space 135168K, 94% used [0x00000000c0000000,0x00000000c7d3b838,0x00000000c8400000)
 Metaspace       used 87305K, committed 88256K, reserved 1130496K
  class space    used 8887K, committed 9344K, reserved 1048576K
}
Event: 168794.388 GC heap before
{Heap before GC invocations=4679 (full 97):
 PSYoungGen      total 10240K, used 8731K [0x00000000eab00000, 0x00000000eb680000, 0x0000000100000000)
  eden space 8192K, 96% used [0x00000000eab00000,0x00000000eb2b2f38,0x00000000eb300000)
  from space 2048K, 41% used [0x00000000eb480000,0x00000000eb554010,0x00000000eb680000)
  to   space 1536K, 0% used [0x00000000eb300000,0x00000000eb300000,0x00000000eb480000)
 ParOldGen       total 135168K, used 128238K [0x00000000c0000000, 0x00000000c8400000, 0x00000000eab00000)
  object space 135168K, 94% used [0x00000000c0000000,0x00000000c7d3b838,0x00000000c8400000)
 Metaspace       used 87305K, committed 88256K, reserved 1130496K
  class space    used 8887K, committed 9344K, reserved 1048576K
}
Event: 168794.390 GC heap after
{Heap after GC invocations=4679 (full 97):
 PSYoungGen      total 9728K, used 1166K [0x00000000eab00000, 0x00000000eb780000, 0x0000000100000000)
  eden space 8192K, 0% used [0x00000000eab00000,0x00000000eab00000,0x00000000eb300000)
  from space 1536K, 75% used [0x00000000eb300000,0x00000000eb423b40,0x00000000eb480000)
  to   space 1536K, 0% used [0x00000000eb600000,0x00000000eb600000,0x00000000eb780000)
 ParOldGen       total 135168K, used 131954K [0x00000000c0000000, 0x00000000c8400000, 0x00000000eab00000)
  object space 135168K, 97% used [0x00000000c0000000,0x00000000c80dca68,0x00000000c8400000)
 Metaspace       used 87305K, committed 88256K, reserved 1130496K
  class space    used 8887K, committed 9344K, reserved 1048576K
}
Event: 168794.390 GC heap before
{Heap before GC invocations=4680 (full 98):
 PSYoungGen      total 9728K, used 1166K [0x00000000eab00000, 0x00000000eb780000, 0x0000000100000000)
  eden space 8192K, 0% used [0x00000000eab00000,0x00000000eab00000,0x00000000eb300000)
  from space 1536K, 75% used [0x00000000eb300000,0x00000000eb423b40,0x00000000eb480000)
  to   space 1536K, 0% used [0x00000000eb600000,0x00000000eb600000,0x00000000eb780000)
 ParOldGen       total 135168K, used 131954K [0x00000000c0000000, 0x00000000c8400000, 0x00000000eab00000)
  object space 135168K, 97% used [0x00000000c0000000,0x00000000c80dca68,0x00000000c8400000)
 Metaspace       used 87305K, committed 88256K, reserved 1130496K
  class space    used 8887K, committed 9344K, reserved 1048576K
}

