# JRE version: OpenJDK Runtime Environment Temurin-17.0.2+8 (17.0.2+8) (build 17.0.2+8)
# Java VM: OpenJDK 64-Bit Server VM Temurin-17.0.2+8 (17.0.2+8, mixed mode, tiered, compressed oops, compressed class ptrs, parallel gc, windows-amd64)
GC Precious Log:
 CPUs: 8 total, 8 available
 Memory: 16238M
 Large Page Support: Disabled
 NUMA Support: Disabled
 Compressed Oops: Enabled (32-bit)
 Alignments: Space 512K, Generation 512K, Heap 2M
 Heap Min Capacity: 100M
 Heap Initial Capacity: 100M
 Heap Max Capacity: 1G
 Pre-touch: Disabled
 Parallel Workers: 8
Heap:
 PSYoungGen      total 10752K, used 6833K [0x00000000eab00000, 0x00000000ebe00000, 0x0000000100000000)
  eden space 4608K, 25% used [0x00000000eab00000,0x00000000eac26be0,0x00000000eaf80000)
  from space 6144K, 92% used [0x00000000eb800000,0x00000000ebd85ac8,0x00000000ebe00000)
  to   space 6656K, 0% used [0x00000000eb100000,0x00000000eb100000,0x00000000eb780000)
 ParOldGen       total 170496K, used 150928K [0x00000000c0000000, 0x00000000ca680000, 0x00000000eab00000)
  object space 170496K, 88% used [0x00000000c0000000,0x00000000c93642b8,0x00000000ca680000)
 Metaspace       used 84166K, committed 85120K, reserved 1130496K
  class space    used 8520K, committed 8960K, reserved 1048576K
GC Heap History (20 events):
Event: 10746.841 GC heap before
{Heap before GC invocations=7996 (full 75):
 PSYoungGen      total 8704K, used 8686K [0x00000000eab00000, 0x00000000ebc80000, 0x0000000100000000)
  eden space 4608K, 100% used [0x00000000eab00000,0x00000000eaf80000,0x00000000eaf80000)
  from space 4096K, 99% used [0x00000000eaf80000,0x00000000eb37b848,0x00000000eb380000)
  to   space 6656K, 0% used [0x00000000eb600000,0x00000000eb600000,0x00000000ebc80000)
 ParOldGen       total 145920K, used 122067K [0x00000000c0000000, 0x00000000c8e80000, 0x00000000eab00000)
  object space 145920K, 83% used [0x00000000c0000000,0x00000000c7734e00,0x00000000c8e80000)
 Metaspace       used 84136K, committed 85120K, reserved 1130496K
  class space    used 8520K, committed 8960K, reserved 1048576K
}
Event: 10746.845 GC heap after
{Heap after GC invocations=7996 (full 75):
 PSYoungGen      total 9728K, used 5115K [0x00000000eab00000, 0x00000000ebb00000, 0x0000000100000000)
  eden space 4608K, 0% used [0x00000000eab00000,0x00000000eab00000,0x00000000eaf80000)
  from space 5120K, 99% used [0x00000000eb600000,0x00000000ebafedd0,0x00000000ebb00000)
  to   space 5632K, 0% used [0x00000000eb000000,0x00000000eb000000,0x00000000eb580000)
 ParOldGen       total 145920K, used 123977K [0x00000000c0000000, 0x00000000c8e80000, 0x00000000eab00000)
  object space 145920K, 84% used [0x00000000c0000000,0x00000000c79127e8,0x00000000c8e80000)
 Metaspace       used 84136K, committed 85120K, reserved 1130496K
  class space    used 8520K, committed 8960K, reserved 1048576K
}
Event: 10746.872 GC heap before
{Heap before GC invocations=7997 (full 75):
 PSYoungGen      total 9728K, used 9723K [0x00000000eab00000, 0x00000000ebb00000, 0x0000000100000000)
  eden space 4608K, 100% used [0x00000000eab00000,0x00000000eaf80000,0x00000000eaf80000)
  from space 5120K, 99% used [0x00000000eb600000,0x00000000ebafedd0,0x00000000ebb00000)
  to   space 5632K, 0% used [0x00000000eb000000,0x00000000eb000000,0x00000000eb580000)
 ParOldGen       total 145920K, used 123977K [0x00000000c0000000, 0x00000000c8e80000, 0x00000000eab00000)
  object space 145920K, 84% used [0x00000000c0000000,0x00000000c79127e8,0x00000000c8e80000)
 Metaspace       used 84139K, committed 85120K, reserved 1130496K
  class space    used 8520K, committed 8960K, reserved 1048576K
}
Event: 10746.875 GC heap after
{Heap after GC invocations=7997 (full 75):
 PSYoungGen      total 10240K, used 5616K [0x00000000eab00000, 0x00000000ebf80000, 0x0000000100000000)
  eden space 4608K, 0% used [0x00000000eab00000,0x00000000eab00000,0x00000000eaf80000)
  from space 5632K, 99% used [0x00000000eb000000,0x00000000eb57c3b8,0x00000000eb580000)
  to   space 8192K, 0% used [0x00000000eb780000,0x00000000eb780000,0x00000000ebf80000)
 ParOldGen       total 145920K, used 125701K [0x00000000c0000000, 0x00000000c8e80000, 0x00000000eab00000)
  object space 145920K, 86% used [0x00000000c0000000,0x00000000c7ac1528,0x00000000c8e80000)
 Metaspace       used 84139K, committed 85120K, reserved 1130496K
  class space    used 8520K, committed 8960K, reserved 1048576K
}
Event: 10746.927 GC heap before
{Heap before GC invocations=7998 (full 75):
 PSYoungGen      total 10240K, used 10224K [0x00000000eab00000, 0x00000000ebf80000, 0x0000000100000000)
  eden space 4608K, 100% used [0x00000000eab00000,0x00000000eaf80000,0x00000000eaf80000)
  from space 5632K, 99% used [0x00000000eb000000,0x00000000eb57c3b8,0x00000000eb580000)
  to   space 8192K, 0% used [0x00000000eb780000,0x00000000eb780000,0x00000000ebf80000)
 ParOldGen       total 145920K, used 125701K [0x00000000c0000000, 0x00000000c8e80000, 0x00000000eab00000)
  object space 145920K, 86% used [0x00000000c0000000,0x00000000c7ac1528,0x00000000c8e80000)
 Metaspace       used 84144K, committed 85120K, reserved 1130496K
  class space    used 8520K, committed 8960K, reserved 1048576K
}
Event: 10746.932 GC heap after
{Heap after GC invocations=7998 (full 75):
 PSYoungGen      total 9728K, used 4991K [0x00000000eab00000, 0x00000000ebc80000, 0x0000000100000000)
  eden space 4608K, 0% used [0x00000000eab00000,0x00000000eab00000,0x00000000eaf80000)
  from space 5120K, 97% used [0x00000000eb780000,0x00000000ebc5fd68,0x00000000ebc80000)
  to   space 6144K, 0% used [0x00000000eb080000,0x00000000eb080000,0x00000000eb680000)
 ParOldGen       total 145920K, used 129585K [0x00000000c0000000, 0x00000000c8e80000, 0x00000000eab00000)
  object space 145920K, 88% used [0x00000000c0000000,0x00000000c7e8c558,0x00000000c8e80000)
 Metaspace       used 84144K, committed 85120K, reserved 1130496K
  class space    used 8520K, committed 8960K, reserved 1048576K
}
Event: 10746.961 GC heap before
{Heap before GC invocations=7999 (full 75):
 PSYoungGen      total 9728K, used 9599K [0x00000000eab00000, 0x00000000ebc80000, 0x0000000100000000)
  eden space 4608K, 100% used [0x00000000eab00000,0x00000000eaf80000,0x00000000eaf80000)
  from space 5120K, 97% used [0x00000000eb780000,0x00000000ebc5fd68,0x00000000ebc80000)
  to   space 6144K, 0% used [0x00000000eb080000,0x00000000eb080000,0x00000000eb680000)
 ParOldGen       total 145920K, used 129585K [0x00000000c0000000, 0x00000000c8e80000, 0x00000000eab00000)
  object space 145920K, 88% used [0x00000000c0000000,0x00000000c7e8c558,0x00000000c8e80000)
 Metaspace       used 84145K, committed 85120K, reserved 1130496K
  class space    used 8520K, committed 8960K, reserved 1048576K
}
Event: 10746.964 GC heap after
{Heap after GC invocations=7999 (full 75):
 PSYoungGen      total 10752K, used 6130K [0x00000000eab00000, 0x00000000ebf80000, 0x0000000100000000)
  eden space 4608K, 0% used [0x00000000eab00000,0x00000000eab00000,0x00000000eaf80000)
  from space 6144K, 99% used [0x00000000eb080000,0x00000000eb67c948,0x00000000eb680000)
  to   space 8192K, 0% used [0x00000000eb780000,0x00000000eb780000,0x00000000ebf80000)
 ParOldGen       total 145920K, used 131007K [0x00000000c0000000, 0x00000000c8e80000, 0x00000000eab00000)
  object space 145920K, 89% used [0x00000000c0000000,0x00000000c7fefd70,0x00000000c8e80000)
 Metaspace       used 84145K, committed 85120K, reserved 1130496K
  class space    used 8520K, committed 8960K, reserved 1048576K
}
Event: 10747.007 GC heap before
{Heap before GC invocations=8000 (full 75):
 PSYoungGen      total 10752K, used 10738K [0x00000000eab00000, 0x00000000ebf80000, 0x0000000100000000)
  eden space 4608K, 100% used [0x00000000eab00000,0x00000000eaf80000,0x00000000eaf80000)
  from space 6144K, 99% used [0x00000000eb080000,0x00000000eb67c948,0x00000000eb680000)
  to   space 8192K, 0% used [0x00000000eb780000,0x00000000eb780000,0x00000000ebf80000)
 ParOldGen       total 145920K, used 131007K [0x00000000c0000000, 0x00000000c8e80000, 0x00000000eab00000)
  object space 145920K, 89% used [0x00000000c0000000,0x00000000c7fefd70,0x00000000c8e80000)
 Metaspace       used 84146K, committed 85120K, reserved 1130496K
  class space    used 8520K, committed 8960K, reserved 1048576K
}
Event: 10747.010 GC heap after
{Heap after GC invocations=8000 (full 75):
 PSYoungGen      total 10240K, used 5174K [0x00000000eab00000, 0x00000000ebd00000, 0x0000000100000000)
  eden space 4608K, 0% used [0x00000000eab00000,0x00000000eab00000,0x00000000eaf80000)
  from space 5632K, 91% used [0x00000000eb780000,0x00000000ebc8d858,0x00000000ebd00000)
  to   space 6144K, 0% used [0x00000000eb100000,0x00000000eb100000,0x00000000eb700000)
 ParOldGen       total 145920K, used 134771K [0x00000000c0000000, 0x00000000c8e80000, 0x00000000eab00000)
  object space 145920K, 92% used [0x00000000c0000000,0x00000000c839ce50,0x00000000c8e80000)
 Metaspace       used 84146K, committed 85120K, reserved 1130496K
  class space    used 8520K, committed 8960K, reserved 1048576K
}
Event: 10747.046 GC heap before
{Heap before GC invocations=8001 (full 75):
 PSYoungGen      total 10240K, used 9782K [0x00000000eab00000, 0x00000000ebd00000, 0x0000000100000000)
  eden space 4608K, 100% used [0x00000000eab00000,0x00000000eaf80000,0x00000000eaf80000)
  from space 5632K, 91% used [0x00000000eb780000,0x00000000ebc8d858,0x00000000ebd00000)
  to   space 6144K, 0% used [0x00000000eb100000,0x00000000eb100000,0x00000000eb700000)
 ParOldGen       total 145920K, used 134771K [0x00000000c0000000, 0x00000000c8e80000, 0x00000000eab00000)
  object space 145920K, 92% used [0x00000000c0000000,0x00000000c839ce50,0x00000000c8e80000)
 Metaspace       used 84147K, committed 85120K, reserved 1130496K
  class space    used 8520K, committed 8960K, reserved 1048576K
}
Event: 10747.049 GC heap after
{Heap after GC invocations=8001 (full 75):
 PSYoungGen      total 10752K, used 6114K [0x00000000eab00000, 0x00000000ec080000, 0x0000000100000000)
  eden space 4608K, 0% used [0x00000000eab00000,0x00000000eab00000,0x00000000eaf80000)
  from space 6144K, 99% used [0x00000000eb100000,0x00000000eb6f8bf0,0x00000000eb700000)
  to   space 8704K, 0% used [0x00000000eb800000,0x00000000eb800000,0x00000000ec080000)
 ParOldGen       total 145920K, used 136535K [0x00000000c0000000, 0x00000000c8e80000, 0x00000000eab00000)
  object space 145920K, 93% used [0x00000000c0000000,0x00000000c8555cc8,0x00000000c8e80000)
 Metaspace       used 84147K, committed 85120K, reserved 1130496K
  class space    used 8520K, committed 8960K, reserved 1048576K
}
Event: 10747.079 GC heap before
{Heap before GC invocations=8002 (full 75):
 PSYoungGen      total 10752K, used 10721K [0x00000000eab00000, 0x00000000ec080000, 0x0000000100000000)
  eden space 4608K, 99% used [0x00000000eab00000,0x00000000eaf7fa10,0x00000000eaf80000)
  from space 6144K, 99% used [0x00000000eb100000,0x00000000eb6f8bf0,0x00000000eb700000)
  to   space 8704K, 0% used [0x00000000eb800000,0x00000000eb800000,0x00000000ec080000)
 ParOldGen       total 145920K, used 136535K [0x00000000c0000000, 0x00000000c8e80000, 0x00000000eab00000)
  object space 145920K, 93% used [0x00000000c0000000,0x00000000c8555cc8,0x00000000c8e80000)
 Metaspace       used 84147K, committed 85120K, reserved 1130496K
  class space    used 8520K, committed 8960K, reserved 1048576K
}
Event: 10747.082 GC heap after
{Heap after GC invocations=8002 (full 75):
 PSYoungGen      total 9728K, used 4879K [0x00000000eab00000, 0x00000000ebd00000, 0x0000000100000000)
  eden space 4608K, 0% used [0x00000000eab00000,0x00000000eab00000,0x00000000eaf80000)
  from space 5120K, 95% used [0x00000000eb800000,0x00000000ebcc3f50,0x00000000ebd00000)
  to   space 6144K, 0% used [0x00000000eb100000,0x00000000eb100000,0x00000000eb700000)
 ParOldGen       total 145920K, used 140634K [0x00000000c0000000, 0x00000000c8e80000, 0x00000000eab00000)
  object space 145920K, 96% used [0x00000000c0000000,0x00000000c8956850,0x00000000c8e80000)
 Metaspace       used 84147K, committed 85120K, reserved 1130496K
  class space    used 8520K, committed 8960K, reserved 1048576K
}
Event: 10747.137 GC heap before
{Heap before GC invocations=8003 (full 75):
 PSYoungGen      total 9728K, used 9466K [0x00000000eab00000, 0x00000000ebd00000, 0x0000000100000000)
  eden space 4608K, 99% used [0x00000000eab00000,0x00000000eaf7a9f0,0x00000000eaf80000)
  from space 5120K, 95% used [0x00000000eb800000,0x00000000ebcc3f50,0x00000000ebd00000)
  to   space 6144K, 0% used [0x00000000eb100000,0x00000000eb100000,0x00000000eb700000)
 ParOldGen       total 145920K, used 140634K [0x00000000c0000000, 0x00000000c8e80000, 0x00000000eab00000)
  object space 145920K, 96% used [0x00000000c0000000,0x00000000c8956850,0x00000000c8e80000)
 Metaspace       used 84151K, committed 85120K, reserved 1130496K
  class space    used 8520K, committed 8960K, reserved 1048576K
}
Event: 10747.140 GC heap after
{Heap after GC invocations=8003 (full 75):
 PSYoungGen      total 10752K, used 6129K [0x00000000eab00000, 0x00000000ebf80000, 0x0000000100000000)
  eden space 4608K, 0% used [0x00000000eab00000,0x00000000eab00000,0x00000000eaf80000)
  from space 6144K, 99% used [0x00000000eb100000,0x00000000eb6fc460,0x00000000eb700000)
  to   space 8192K, 0% used [0x00000000eb780000,0x00000000eb780000,0x00000000ebf80000)
 ParOldGen       total 145920K, used 141930K [0x00000000c0000000, 0x00000000c8e80000, 0x00000000eab00000)
  object space 145920K, 97% used [0x00000000c0000000,0x00000000c8a9aa38,0x00000000c8e80000)
 Metaspace       used 84151K, committed 85120K, reserved 1130496K
  class space    used 8520K, committed 8960K, reserved 1048576K
}
Event: 10747.189 GC heap before
{Heap before GC invocations=8004 (full 75):
 PSYoungGen      total 10752K, used 10732K [0x00000000eab00000, 0x00000000ebf80000, 0x0000000100000000)
  eden space 4608K, 99% used [0x00000000eab00000,0x00000000eaf7ed58,0x00000000eaf80000)
  from space 6144K, 99% used [0x00000000eb100000,0x00000000eb6fc460,0x00000000eb700000)
  to   space 8192K, 0% used [0x00000000eb780000,0x00000000eb780000,0x00000000ebf80000)
 ParOldGen       total 145920K, used 141930K [0x00000000c0000000, 0x00000000c8e80000, 0x00000000eab00000)
  object space 145920K, 97% used [0x00000000c0000000,0x00000000c8a9aa38,0x00000000c8e80000)
 Metaspace       used 84166K, committed 85120K, reserved 1130496K
  class space    used 8520K, committed 8960K, reserved 1048576K
}
Event: 10747.191 GC heap after
{Heap after GC invocations=8004 (full 75):
 PSYoungGen      total 10240K, used 5474K [0x00000000eab00000, 0x00000000ebd00000, 0x0000000100000000)
  eden space 4608K, 0% used [0x00000000eab00000,0x00000000eab00000,0x00000000eaf80000)
  from space 5632K, 97% used [0x00000000eb780000,0x00000000ebcd8a48,0x00000000ebd00000)
  to   space 6656K, 0% used [0x00000000eb000000,0x00000000eb000000,0x00000000eb680000)
 ParOldGen       total 145920K, used 145628K [0x00000000c0000000, 0x00000000c8e80000, 0x00000000eab00000)
  object space 145920K, 99% used [0x00000000c0000000,0x00000000c8e37298,0x00000000c8e80000)
 Metaspace       used 84166K, committed 85120K, reserved 1130496K
  class space    used 8520K, committed 8960K, reserved 1048576K
}
Event: 10747.192 GC heap before
{Heap before GC invocations=8005 (full 76):
 PSYoungGen      total 10240K, used 5474K [0x00000000eab00000, 0x00000000ebd00000, 0x0000000100000000)
  eden space 4608K, 0% used [0x00000000eab00000,0x00000000eab00000,0x00000000eaf80000)
  from space 5632K, 97% used [0x00000000eb780000,0x00000000ebcd8a48,0x00000000ebd00000)
  to   space 6656K, 0% used [0x00000000eb000000,0x00000000eb000000,0x00000000eb680000)
 ParOldGen       total 145920K, used 145628K [0x00000000c0000000, 0x00000000c8e80000, 0x00000000eab00000)
  object space 145920K, 99% used [0x00000000c0000000,0x00000000c8e37298,0x00000000c8e80000)
 Metaspace       used 84166K, committed 85120K, reserved 1130496K
  class space    used 8520K, committed 8960K, reserved 1048576K
}
Event: 10747.319 GC heap after
{Heap after GC invocations=8005 (full 76):
 PSYoungGen      total 9728K, used 4856K [0x00000000eab00000, 0x00000000ebc80000, 0x0000000100000000)
  eden space 4608K, 0% used [0x00000000eab00000,0x00000000eab00000,0x00000000eaf80000)
  from space 5120K, 94% used [0x00000000eb780000,0x00000000ebc3e378,0x00000000ebc80000)
  to   space 6656K, 0% used [0x00000000eaf80000,0x00000000eaf80000,0x00000000eb600000)
 ParOldGen       total 170496K, used 145639K [0x00000000c0000000, 0x00000000ca680000, 0x00000000eab00000)
  object space 170496K, 85% used [0x00000000c0000000,0x00000000c8e39d78,0x00000000ca680000)
 Metaspace       used 84166K, committed 85120K, reserved 1130496K
  class space    used 8520K, committed 8960K, reserved 1048576K
}

