# JRE version: OpenJDK Runtime Environment Temurin-17.0.2+8 (17.0.2+8) (build 17.0.2+8)
# Java VM: OpenJDK 64-Bit Server VM Temurin-17.0.2+8 (17.0.2+8, mixed mode, tiered, compressed oops, compressed class ptrs, parallel gc, windows-amd64)
GC Precious Log:
 CPUs: 8 total, 8 available
 Memory: 16238M
 Large Page Support: Disabled
 NUMA Support: Disabled
 Compressed Oops: Enabled (32-bit)
 Alignments: Space 512K, Generation 512K, Heap 2M
 Heap Min Capacity: 100M
 Heap Initial Capacity: 100M
 Heap Max Capacity: 1G
 Pre-touch: Disabled
 Parallel Workers: 8
Heap:
 PSYoungGen      total 25600K, used 4894K [0x00000000eab00000, 0x00000000ec800000, 0x0000000100000000)
  eden space 21504K, 6% used [0x00000000eab00000,0x00000000eac4b800,0x00000000ec000000)
  from space 4096K, 87% used [0x00000000ec400000,0x00000000ec77c010,0x00000000ec800000)
  to   space 4096K, 0% used [0x00000000ec000000,0x00000000ec000000,0x00000000ec400000)
 ParOldGen       total 68608K, used 30012K [0x00000000c0000000, 0x00000000c4300000, 0x00000000eab00000)
  object space 68608K, 43% used [0x00000000c0000000,0x00000000c1d4f298,0x00000000c4300000)
 Metaspace       used 60314K, committed 61120K, reserved 1105920K
  class space    used 6277K, committed 6656K, reserved 1048576K
GC Heap History (20 events):
Event: 7.042 GC heap before
{Heap before GC invocations=14 (full 2):
 PSYoungGen      total 27648K, used 27636K [0x00000000eab00000, 0x00000000ecd80000, 0x0000000100000000)
  eden space 21504K, 100% used [0x00000000eab00000,0x00000000ec000000,0x00000000ec000000)
  from space 6144K, 99% used [0x00000000ec000000,0x00000000ec5fd0e8,0x00000000ec600000)
  to   space 6656K, 0% used [0x00000000ec700000,0x00000000ec700000,0x00000000ecd80000)
 ParOldGen       total 68608K, used 32611K [0x00000000c0000000, 0x00000000c4300000, 0x00000000eab00000)
  object space 68608K, 47% used [0x00000000c0000000,0x00000000c1fd8ed0,0x00000000c4300000)
 Metaspace       used 52049K, committed 52800K, reserved 1097728K
  class space    used 5644K, committed 5952K, reserved 1048576K
}
Event: 7.045 GC heap after
{Heap after GC invocations=14 (full 2):
 PSYoungGen      total 23040K, used 1038K [0x00000000eab00000, 0x00000000ec880000, 0x0000000100000000)
  eden space 21504K, 0% used [0x00000000eab00000,0x00000000eab00000,0x00000000ec000000)
  from space 1536K, 67% used [0x00000000ec700000,0x00000000ec803b40,0x00000000ec880000)
  to   space 3072K, 0% used [0x00000000ec280000,0x00000000ec280000,0x00000000ec580000)
 ParOldGen       total 68608K, used 32991K [0x00000000c0000000, 0x00000000c4300000, 0x00000000eab00000)
  object space 68608K, 48% used [0x00000000c0000000,0x00000000c2037fd0,0x00000000c4300000)
 Metaspace       used 52049K, committed 52800K, reserved 1097728K
  class space    used 5644K, committed 5952K, reserved 1048576K
}
Event: 7.088 GC heap before
{Heap before GC invocations=15 (full 2):
 PSYoungGen      total 23040K, used 21814K [0x00000000eab00000, 0x00000000ec880000, 0x0000000100000000)
  eden space 21504K, 96% used [0x00000000eab00000,0x00000000ebf49ff0,0x00000000ec000000)
  from space 1536K, 67% used [0x00000000ec700000,0x00000000ec803b40,0x00000000ec880000)
  to   space 3072K, 0% used [0x00000000ec280000,0x00000000ec280000,0x00000000ec580000)
 ParOldGen       total 68608K, used 32991K [0x00000000c0000000, 0x00000000c4300000, 0x00000000eab00000)
  object space 68608K, 48% used [0x00000000c0000000,0x00000000c2037fd0,0x00000000c4300000)
 Metaspace       used 52640K, committed 53376K, reserved 1097728K
  class space    used 5704K, committed 6016K, reserved 1048576K
}
Event: 7.091 GC heap after
{Heap after GC invocations=15 (full 2):
 PSYoungGen      total 24576K, used 656K [0x00000000eab00000, 0x00000000ec780000, 0x0000000100000000)
  eden space 21504K, 0% used [0x00000000eab00000,0x00000000eab00000,0x00000000ec000000)
  from space 3072K, 21% used [0x00000000ec280000,0x00000000ec324300,0x00000000ec580000)
  to   space 1536K, 0% used [0x00000000ec600000,0x00000000ec600000,0x00000000ec780000)
 ParOldGen       total 68608K, used 33718K [0x00000000c0000000, 0x00000000c4300000, 0x00000000eab00000)
  object space 68608K, 49% used [0x00000000c0000000,0x00000000c20edab8,0x00000000c4300000)
 Metaspace       used 52640K, committed 53376K, reserved 1097728K
  class space    used 5704K, committed 6016K, reserved 1048576K
}
Event: 7.422 GC heap before
{Heap before GC invocations=16 (full 2):
 PSYoungGen      total 24576K, used 22160K [0x00000000eab00000, 0x00000000ec780000, 0x0000000100000000)
  eden space 21504K, 100% used [0x00000000eab00000,0x00000000ec000000,0x00000000ec000000)
  from space 3072K, 21% used [0x00000000ec280000,0x00000000ec324300,0x00000000ec580000)
  to   space 1536K, 0% used [0x00000000ec600000,0x00000000ec600000,0x00000000ec780000)
 ParOldGen       total 68608K, used 33718K [0x00000000c0000000, 0x00000000c4300000, 0x00000000eab00000)
  object space 68608K, 49% used [0x00000000c0000000,0x00000000c20edab8,0x00000000c4300000)
 Metaspace       used 55851K, committed 56640K, reserved 1105920K
  class space    used 6001K, committed 6336K, reserved 1048576K
}
Event: 7.424 GC heap after
{Heap after GC invocations=16 (full 2):
 PSYoungGen      total 23040K, used 1514K [0x00000000eab00000, 0x00000000ec780000, 0x0000000100000000)
  eden space 21504K, 0% used [0x00000000eab00000,0x00000000eab00000,0x00000000ec000000)
  from space 1536K, 98% used [0x00000000ec600000,0x00000000ec77abf0,0x00000000ec780000)
  to   space 3584K, 0% used [0x00000000ec080000,0x00000000ec080000,0x00000000ec400000)
 ParOldGen       total 68608K, used 34946K [0x00000000c0000000, 0x00000000c4300000, 0x00000000eab00000)
  object space 68608K, 50% used [0x00000000c0000000,0x00000000c2220808,0x00000000c4300000)
 Metaspace       used 55851K, committed 56640K, reserved 1105920K
  class space    used 6001K, committed 6336K, reserved 1048576K
}
Event: 8.303 GC heap before
{Heap before GC invocations=17 (full 2):
 PSYoungGen      total 23040K, used 23018K [0x00000000eab00000, 0x00000000ec780000, 0x0000000100000000)
  eden space 21504K, 100% used [0x00000000eab00000,0x00000000ec000000,0x00000000ec000000)
  from space 1536K, 98% used [0x00000000ec600000,0x00000000ec77abf0,0x00000000ec780000)
  to   space 3584K, 0% used [0x00000000ec080000,0x00000000ec080000,0x00000000ec400000)
 ParOldGen       total 68608K, used 34946K [0x00000000c0000000, 0x00000000c4300000, 0x00000000eab00000)
  object space 68608K, 50% used [0x00000000c0000000,0x00000000c2220808,0x00000000c4300000)
 Metaspace       used 57529K, committed 58304K, reserved 1105920K
  class space    used 6149K, committed 6528K, reserved 1048576K
}
Event: 8.305 GC heap after
{Heap after GC invocations=17 (full 2):
 PSYoungGen      total 25088K, used 3207K [0x00000000eab00000, 0x00000000ec700000, 0x0000000100000000)
  eden space 21504K, 0% used [0x00000000eab00000,0x00000000eab00000,0x00000000ec000000)
  from space 3584K, 89% used [0x00000000ec080000,0x00000000ec3a1c70,0x00000000ec400000)
  to   space 3072K, 0% used [0x00000000ec400000,0x00000000ec400000,0x00000000ec700000)
 ParOldGen       total 68608K, used 35971K [0x00000000c0000000, 0x00000000c4300000, 0x00000000eab00000)
  object space 68608K, 52% used [0x00000000c0000000,0x00000000c2320e18,0x00000000c4300000)
 Metaspace       used 57529K, committed 58304K, reserved 1105920K
  class space    used 6149K, committed 6528K, reserved 1048576K
}
Event: 9.946 GC heap before
{Heap before GC invocations=18 (full 2):
 PSYoungGen      total 25088K, used 24711K [0x00000000eab00000, 0x00000000ec700000, 0x0000000100000000)
  eden space 21504K, 100% used [0x00000000eab00000,0x00000000ec000000,0x00000000ec000000)
  from space 3584K, 89% used [0x00000000ec080000,0x00000000ec3a1c70,0x00000000ec400000)
  to   space 3072K, 0% used [0x00000000ec400000,0x00000000ec400000,0x00000000ec700000)
 ParOldGen       total 68608K, used 35971K [0x00000000c0000000, 0x00000000c4300000, 0x00000000eab00000)
  object space 68608K, 52% used [0x00000000c0000000,0x00000000c2320e18,0x00000000c4300000)
 Metaspace       used 58460K, committed 59200K, reserved 1105920K
  class space    used 6197K, committed 6528K, reserved 1048576K
}
Event: 9.949 GC heap after
{Heap after GC invocations=18 (full 2):
 PSYoungGen      total 23040K, used 1264K [0x00000000eab00000, 0x00000000ec580000, 0x0000000100000000)
  eden space 21504K, 0% used [0x00000000eab00000,0x00000000eab00000,0x00000000ec000000)
  from space 1536K, 82% used [0x00000000ec400000,0x00000000ec53c010,0x00000000ec580000)
  to   space 2048K, 0% used [0x00000000ec180000,0x00000000ec180000,0x00000000ec380000)
 ParOldGen       total 68608K, used 39086K [0x00000000c0000000, 0x00000000c4300000, 0x00000000eab00000)
  object space 68608K, 56% used [0x00000000c0000000,0x00000000c262bad8,0x00000000c4300000)
 Metaspace       used 58460K, committed 59200K, reserved 1105920K
  class space    used 6197K, committed 6528K, reserved 1048576K
}
Event: 19.109 GC heap before
{Heap before GC invocations=19 (full 2):
 PSYoungGen      total 23040K, used 17203K [0x00000000eab00000, 0x00000000ec580000, 0x0000000100000000)
  eden space 21504K, 74% used [0x00000000eab00000,0x00000000eba90cf8,0x00000000ec000000)
  from space 1536K, 82% used [0x00000000ec400000,0x00000000ec53c010,0x00000000ec580000)
  to   space 2048K, 0% used [0x00000000ec180000,0x00000000ec180000,0x00000000ec380000)
 ParOldGen       total 68608K, used 39086K [0x00000000c0000000, 0x00000000c4300000, 0x00000000eab00000)
  object space 68608K, 56% used [0x00000000c0000000,0x00000000c262bad8,0x00000000c4300000)
 Metaspace       used 59004K, committed 59776K, reserved 1105920K
  class space    used 6215K, committed 6592K, reserved 1048576K
}
Event: 19.110 GC heap after
{Heap after GC invocations=19 (full 2):
 PSYoungGen      total 23552K, used 478K [0x00000000eab00000, 0x00000000ec480000, 0x0000000100000000)
  eden space 21504K, 0% used [0x00000000eab00000,0x00000000eab00000,0x00000000ec000000)
  from space 2048K, 23% used [0x00000000ec180000,0x00000000ec1f78b8,0x00000000ec380000)
  to   space 1024K, 0% used [0x00000000ec380000,0x00000000ec380000,0x00000000ec480000)
 ParOldGen       total 68608K, used 39979K [0x00000000c0000000, 0x00000000c4300000, 0x00000000eab00000)
  object space 68608K, 58% used [0x00000000c0000000,0x00000000c270ae38,0x00000000c4300000)
 Metaspace       used 59004K, committed 59776K, reserved 1105920K
  class space    used 6215K, committed 6592K, reserved 1048576K
}
Event: 19.110 GC heap before
{Heap before GC invocations=20 (full 3):
 PSYoungGen      total 23552K, used 478K [0x00000000eab00000, 0x00000000ec480000, 0x0000000100000000)
  eden space 21504K, 0% used [0x00000000eab00000,0x00000000eab00000,0x00000000ec000000)
  from space 2048K, 23% used [0x00000000ec180000,0x00000000ec1f78b8,0x00000000ec380000)
  to   space 1024K, 0% used [0x00000000ec380000,0x00000000ec380000,0x00000000ec480000)
 ParOldGen       total 68608K, used 39979K [0x00000000c0000000, 0x00000000c4300000, 0x00000000eab00000)
  object space 68608K, 58% used [0x00000000c0000000,0x00000000c270ae38,0x00000000c4300000)
 Metaspace       used 59004K, committed 59776K, reserved 1105920K
  class space    used 6215K, committed 6592K, reserved 1048576K
}
Event: 19.155 GC heap after
{Heap after GC invocations=20 (full 3):
 PSYoungGen      total 23552K, used 0K [0x00000000eab00000, 0x00000000ec480000, 0x0000000100000000)
  eden space 21504K, 0% used [0x00000000eab00000,0x00000000eab00000,0x00000000ec000000)
  from space 2048K, 0% used [0x00000000ec180000,0x00000000ec180000,0x00000000ec380000)
  to   space 1024K, 0% used [0x00000000ec380000,0x00000000ec380000,0x00000000ec480000)
 ParOldGen       total 68608K, used 26653K [0x00000000c0000000, 0x00000000c4300000, 0x00000000eab00000)
  object space 68608K, 38% used [0x00000000c0000000,0x00000000c1a07728,0x00000000c4300000)
 Metaspace       used 59004K, committed 59776K, reserved 1105920K
  class space    used 6215K, committed 6592K, reserved 1048576K
}
Event: 21.140 GC heap before
{Heap before GC invocations=21 (full 3):
 PSYoungGen      total 23552K, used 21504K [0x00000000eab00000, 0x00000000ec480000, 0x0000000100000000)
  eden space 21504K, 100% used [0x00000000eab00000,0x00000000ec000000,0x00000000ec000000)
  from space 2048K, 0% used [0x00000000ec180000,0x00000000ec180000,0x00000000ec380000)
  to   space 1024K, 0% used [0x00000000ec380000,0x00000000ec380000,0x00000000ec480000)
 ParOldGen       total 68608K, used 26653K [0x00000000c0000000, 0x00000000c4300000, 0x00000000eab00000)
  object space 68608K, 38% used [0x00000000c0000000,0x00000000c1a07728,0x00000000c4300000)
 Metaspace       used 59203K, committed 60032K, reserved 1105920K
  class space    used 6216K, committed 6592K, reserved 1048576K
}
Event: 21.141 GC heap after
{Heap after GC invocations=21 (full 3):
 PSYoungGen      total 22016K, used 192K [0x00000000eab00000, 0x00000000ec400000, 0x0000000100000000)
  eden space 21504K, 0% used [0x00000000eab00000,0x00000000eab00000,0x00000000ec000000)
  from space 512K, 37% used [0x00000000ec380000,0x00000000ec3b0000,0x00000000ec400000)
  to   space 512K, 0% used [0x00000000ec300000,0x00000000ec300000,0x00000000ec380000)
 ParOldGen       total 68608K, used 26661K [0x00000000c0000000, 0x00000000c4300000, 0x00000000eab00000)
  object space 68608K, 38% used [0x00000000c0000000,0x00000000c1a09728,0x00000000c4300000)
 Metaspace       used 59203K, committed 60032K, reserved 1105920K
  class space    used 6216K, committed 6592K, reserved 1048576K
}
Event: 33.808 GC heap before
{Heap before GC invocations=22 (full 3):
 PSYoungGen      total 22016K, used 21696K [0x00000000eab00000, 0x00000000ec400000, 0x0000000100000000)
  eden space 21504K, 100% used [0x00000000eab00000,0x00000000ec000000,0x00000000ec000000)
  from space 512K, 37% used [0x00000000ec380000,0x00000000ec3b0000,0x00000000ec400000)
  to   space 512K, 0% used [0x00000000ec300000,0x00000000ec300000,0x00000000ec380000)
 ParOldGen       total 68608K, used 26661K [0x00000000c0000000, 0x00000000c4300000, 0x00000000eab00000)
  object space 68608K, 38% used [0x00000000c0000000,0x00000000c1a09728,0x00000000c4300000)
 Metaspace       used 59634K, committed 60416K, reserved 1105920K
  class space    used 6217K, committed 6592K, reserved 1048576K
}
Event: 33.810 GC heap after
{Heap after GC invocations=22 (full 3):
 PSYoungGen      total 22016K, used 512K [0x00000000eab00000, 0x00000000ec800000, 0x0000000100000000)
  eden space 21504K, 0% used [0x00000000eab00000,0x00000000eab00000,0x00000000ec000000)
  from space 512K, 100% used [0x00000000ec300000,0x00000000ec380000,0x00000000ec380000)
  to   space 4096K, 0% used [0x00000000ec400000,0x00000000ec400000,0x00000000ec800000)
 ParOldGen       total 68608K, used 29506K [0x00000000c0000000, 0x00000000c4300000, 0x00000000eab00000)
  object space 68608K, 43% used [0x00000000c0000000,0x00000000c1cd0998,0x00000000c4300000)
 Metaspace       used 59634K, committed 60416K, reserved 1105920K
  class space    used 6217K, committed 6592K, reserved 1048576K
}
Event: 182.283 GC heap before
{Heap before GC invocations=23 (full 3):
 PSYoungGen      total 22016K, used 21228K [0x00000000eab00000, 0x00000000ec800000, 0x0000000100000000)
  eden space 21504K, 96% used [0x00000000eab00000,0x00000000ebf3b120,0x00000000ec000000)
  from space 512K, 100% used [0x00000000ec300000,0x00000000ec380000,0x00000000ec380000)
  to   space 4096K, 0% used [0x00000000ec400000,0x00000000ec400000,0x00000000ec800000)
 ParOldGen       total 68608K, used 29506K [0x00000000c0000000, 0x00000000c4300000, 0x00000000eab00000)
  object space 68608K, 43% used [0x00000000c0000000,0x00000000c1cd0998,0x00000000c4300000)
 Metaspace       used 60234K, committed 61056K, reserved 1105920K
  class space    used 6275K, committed 6656K, reserved 1048576K
}
Event: 182.286 GC heap after
{Heap after GC invocations=23 (full 3):
 PSYoungGen      total 25600K, used 3568K [0x00000000eab00000, 0x00000000ec800000, 0x0000000100000000)
  eden space 21504K, 0% used [0x00000000eab00000,0x00000000eab00000,0x00000000ec000000)
  from space 4096K, 87% used [0x00000000ec400000,0x00000000ec77c010,0x00000000ec800000)
  to   space 4096K, 0% used [0x00000000ec000000,0x00000000ec000000,0x00000000ec400000)
 ParOldGen       total 68608K, used 30012K [0x00000000c0000000, 0x00000000c4300000, 0x00000000eab00000)
  object space 68608K, 43% used [0x00000000c0000000,0x00000000c1d4f298,0x00000000c4300000)
 Metaspace       used 60234K, committed 61056K, reserved 1105920K
  class space    used 6275K, committed 6656K, reserved 1048576K
}

